Using pre-set license
Built from '2020.3/staging' branch; Version is '2020.3.5f1 (8095aa901b9b) revision 8426922'; Using compiler version '192528614'; Build Type 'Release'
OS: 'Windows 10 Home Single Language; OS build 19044.1586; Version 2009; 64bit' Language: 'en' Physical Memory: 24495 MB
BatchMode: 1, IsHumanControllingUs: 0, StartBugReporterOnCrash: 0, Is64bit: 1, IsPro: 0

 COMMAND LINE ARGUMENTS:
C:\Program Files\Unity\Hub\Editor\2020.3.5f1\Editor\Unity.exe
-adb2
-batchMode
-noUpm
-name
AssetImportWorker1
-projectPath
C:/Users/lenovo/Desktop/UnityGames/FinalProject
-logFile
Logs/AssetImportWorker1.log
-srvPort
62083
Successfully changed project path to: C:/Users/lenovo/Desktop/UnityGames/FinalProject
C:/Users/lenovo/Desktop/UnityGames/FinalProject
Using Asset Import Pipeline V2.
Refreshing native plugins compatible for Editor in 81.73 ms, found 1 plugins.
Preloading 0 native plugins for Editor in 0.00 ms.
Initialize engine version: 2020.3.5f1 (8095aa901b9b)
[Subsystems] Discovering subsystems at path C:/Program Files/Unity/Hub/Editor/2020.3.5f1/Editor/Data/Resources/UnitySubsystems
[Subsystems] Discovering subsystems at path C:/Users/lenovo/Desktop/UnityGames/FinalProject/Assets
GfxDevice: creating device client; threaded=0
Direct3D:
    Version:  Direct3D 11.0 [level 11.1]
    Renderer: NVIDIA GeForce GTX 1660 Ti (ID=0x2191)
    Vendor:   
    VRAM:     5991 MB
    Driver:   30.0.14.7111
Shader 'Universal Render Pipeline/Particles/Lit': fallback shader 'Universal Render Pipeline/Particles/SimpleLit' not found
Initialize mono
Mono path[0] = 'C:/Program Files/Unity/Hub/Editor/2020.3.5f1/Editor/Data/Managed'
Mono path[1] = 'C:/Program Files/Unity/Hub/Editor/2020.3.5f1/Editor/Data/MonoBleedingEdge/lib/mono/unityjit'
Mono config path = 'C:/Program Files/Unity/Hub/Editor/2020.3.5f1/Editor/Data/MonoBleedingEdge/etc'
Using monoOptions --debugger-agent=transport=dt_socket,embedding=1,server=y,suspend=n,address=127.0.0.1:56964
Begin MonoManager ReloadAssembly
Registering precompiled unity dll's ...
Register platform support module: C:/Program Files/Unity/Hub/Editor/2020.3.5f1/Editor/Data/PlaybackEngines/WindowsStandaloneSupport/UnityEditor.WindowsStandalone.Extensions.dll
Registered in 0.003902 seconds.
Native extension for WindowsStandalone target not found
Refreshing native plugins compatible for Editor in 83.04 ms, found 1 plugins.
Preloading 0 native plugins for Editor in 0.00 ms.
Mono: successfully reloaded assembly
- Completed reload, in  3.031 seconds
Platform modules already initialized, skipping
Registering precompiled user dll's ...
Registered in 0.004682 seconds.
Begin MonoManager ReloadAssembly
Native extension for WindowsStandalone target not found
Refreshing native plugins compatible for Editor in 97.48 ms, found 1 plugins.
Preloading 0 native plugins for Editor in 0.00 ms.
Mono: successfully reloaded assembly
- Completed reload, in  1.378 seconds
Platform modules already initialized, skipping
========================================================================
Worker process is ready to serve import requests
Shader 'Universal Render Pipeline/Particles/Lit': fallback shader 'Universal Render Pipeline/Particles/SimpleLit' not found
Launched and connected shader compiler UnityShaderCompiler.exe after 0.06 seconds
Refreshing native plugins compatible for Editor in 0.83 ms, found 1 plugins.
Preloading 0 native plugins for Editor in 0.00 ms.
Unloading 3154 Unused Serialized files (Serialized files now loaded: 0)
System memory in use before: 142.8 MB.
System memory in use after: 142.9 MB.

Unloading 26 unused Assets to reduce memory usage. Loaded Objects now: 3601.
Total: 4.853200 ms (FindLiveObjects: 0.635100 ms CreateObjectMapping: 0.409800 ms MarkObjects: 3.660500 ms  DeleteObjects: 0.145600 ms)

========================================================================
Received Import Request.
  path: Assets/Scenes/MainMenu.unity
  artifactKey: Guid(a7bb2910e4718a34e855715fe58d76b6) Importer(815301076,1909f56bfc062723c751e8b465ee728b)
Start importing Assets/Scenes/MainMenu.unity using Guid(a7bb2910e4718a34e855715fe58d76b6) Importer(815301076,1909f56bfc062723c751e8b465ee728b)  -> (artifact id: 'e77d0871df363bfedc554a178af72edf') in 0.021181 seconds
  Import took 0.028458 seconds .

========================================================================
Received Prepare
Shader 'Universal Render Pipeline/Particles/Lit': fallback shader 'Universal Render Pipeline/Particles/SimpleLit' not found
Refreshing native plugins compatible for Editor in 3.91 ms, found 1 plugins.
Preloading 0 native plugins for Editor in 0.00 ms.
Unloading 12 Unused Serialized files (Serialized files now loaded: 0)
System memory in use before: 74.5 MB.
System memory in use after: 74.6 MB.

Unloading 12 unused Assets to reduce memory usage. Loaded Objects now: 3601.
Total: 4.738700 ms (FindLiveObjects: 0.505000 ms CreateObjectMapping: 0.224500 ms MarkObjects: 3.861900 ms  DeleteObjects: 0.145200 ms)

========================================================================
Received Import Request.
  Time since last request: 3240.489435 seconds.
  path: Assets/Scenes/Floor10.unity
  artifactKey: Guid(27ee1f2a62566a94594dc2a36454b7c8) Importer(815301076,1909f56bfc062723c751e8b465ee728b)
Start importing Assets/Scenes/Floor10.unity using Guid(27ee1f2a62566a94594dc2a36454b7c8) Importer(815301076,1909f56bfc062723c751e8b465ee728b)  -> (artifact id: '261891d5e071afcb3d6be68b97f4f79a') in 0.030469 seconds
  Import took 0.039346 seconds .

========================================================================
Received Import Request.
  Time since last request: 28.440046 seconds.
  path: Assets/Prefab/AudioManager.prefab
  artifactKey: Guid(4ce117fe963986d4681ca31b5261e1ff) Importer(815301076,1909f56bfc062723c751e8b465ee728b)
Start importing Assets/Prefab/AudioManager.prefab using Guid(4ce117fe963986d4681ca31b5261e1ff) Importer(815301076,1909f56bfc062723c751e8b465ee728b)  -> (artifact id: 'af893c8452fbd9b85b04a1cfe6f3732c') in 0.067345 seconds
  Import took 0.073728 seconds .

========================================================================
Received Import Request.
  Time since last request: 0.000347 seconds.
  path: Assets/Prefab/LevelLoader.prefab
  artifactKey: Guid(d2c4774d1fae20048b128144bc25dd67) Importer(815301076,1909f56bfc062723c751e8b465ee728b)
Start importing Assets/Prefab/LevelLoader.prefab using Guid(d2c4774d1fae20048b128144bc25dd67) Importer(815301076,1909f56bfc062723c751e8b465ee728b)  -> (artifact id: '6df2f61647631ecda7da546a5f63f0b5') in 0.019709 seconds
  Import took 0.026231 seconds .

========================================================================
Received Import Request.
  Time since last request: 0.000291 seconds.
  path: Assets/Prefab/GameManager.prefab
  artifactKey: Guid(31b01d8ce1e7d004eaa25afa138814ee) Importer(815301076,1909f56bfc062723c751e8b465ee728b)
Start importing Assets/Prefab/GameManager.prefab using Guid(31b01d8ce1e7d004eaa25afa138814ee) Importer(815301076,1909f56bfc062723c751e8b465ee728b)  -> (artifact id: 'a73a65a653d0e011c9edf632a83f46b2') in 0.011520 seconds
  Import took 0.017592 seconds .

========================================================================
Received Prepare
Registering precompiled user dll's ...
Registered in 0.002815 seconds.
Begin MonoManager ReloadAssembly
Native extension for WindowsStandalone target not found
Refreshing native plugins compatible for Editor in 0.79 ms, found 1 plugins.
Preloading 0 native plugins for Editor in 0.00 ms.
Mono: successfully reloaded assembly
- Completed reload, in  1.176 seconds
Platform modules already initialized, skipping
Shader 'Universal Render Pipeline/Particles/Lit': fallback shader 'Universal Render Pipeline/Particles/SimpleLit' not found
Refreshing native plugins compatible for Editor in 0.86 ms, found 1 plugins.
Preloading 0 native plugins for Editor in 0.00 ms.
Unloading 3028 Unused Serialized files (Serialized files now loaded: 0)
System memory in use before: 134.3 MB.
System memory in use after: 134.4 MB.

Unloading 14 unused Assets to reduce memory usage. Loaded Objects now: 3605.
Total: 3.053900 ms (FindLiveObjects: 0.371200 ms CreateObjectMapping: 0.109800 ms MarkObjects: 2.454900 ms  DeleteObjects: 0.116600 ms)

========================================================================
Received Prepare
Shader 'Universal Render Pipeline/Particles/Lit': fallback shader 'Universal Render Pipeline/Particles/SimpleLit' not found
Refreshing native plugins compatible for Editor in 2.73 ms, found 1 plugins.
Preloading 0 native plugins for Editor in 0.00 ms.
Unloading 12 Unused Serialized files (Serialized files now loaded: 0)
System memory in use before: 74.8 MB.
System memory in use after: 74.9 MB.

Unloading 12 unused Assets to reduce memory usage. Loaded Objects now: 3605.
Total: 3.809400 ms (FindLiveObjects: 0.758100 ms CreateObjectMapping: 0.305700 ms MarkObjects: 2.620000 ms  DeleteObjects: 0.123800 ms)

========================================================================
Received Import Request.
  Time since last request: 506.166942 seconds.
  path: Assets/Scenes/Floor2.unity
  artifactKey: Guid(183f7b826d5da8548958538b834db3a1) Importer(815301076,1909f56bfc062723c751e8b465ee728b)
Start importing Assets/Scenes/Floor2.unity using Guid(183f7b826d5da8548958538b834db3a1) Importer(815301076,1909f56bfc062723c751e8b465ee728b)  -> (artifact id: '3e3adee1e67b1f8b3c6fe7843554e752') in 0.025230 seconds
  Import took 0.032349 seconds .

========================================================================
Received Import Request.
  Time since last request: 270.019547 seconds.
  path: Assets/Scenes/Floor10.unity
  artifactKey: Guid(27ee1f2a62566a94594dc2a36454b7c8) Importer(815301076,1909f56bfc062723c751e8b465ee728b)
Start importing Assets/Scenes/Floor10.unity using Guid(27ee1f2a62566a94594dc2a36454b7c8) Importer(815301076,1909f56bfc062723c751e8b465ee728b)  -> (artifact id: '5ae1c12c54fbc4759bd965020e03ee1d') in 0.005309 seconds
  Import took 0.014267 seconds .

========================================================================
Received Import Request.
  Time since last request: 0.001000 seconds.
  path: Assets/Scenes/Floor10.unity
  artifactKey: Guid(27ee1f2a62566a94594dc2a36454b7c8) Importer(815301076,1909f56bfc062723c751e8b465ee728b)
Start importing Assets/Scenes/Floor10.unity using Guid(27ee1f2a62566a94594dc2a36454b7c8) Importer(815301076,1909f56bfc062723c751e8b465ee728b)  -> (artifact id: '5ae1c12c54fbc4759bd965020e03ee1d') in 0.004346 seconds
  Import took 0.011047 seconds .

========================================================================
Received Prepare
Shader 'Universal Render Pipeline/Particles/Lit': fallback shader 'Universal Render Pipeline/Particles/SimpleLit' not found
Refreshing native plugins compatible for Editor in 3.27 ms, found 1 plugins.
Preloading 0 native plugins for Editor in 0.00 ms.
Unloading 12 Unused Serialized files (Serialized files now loaded: 0)
System memory in use before: 74.8 MB.
System memory in use after: 74.9 MB.

Unloading 12 unused Assets to reduce memory usage. Loaded Objects now: 3605.
Total: 3.845700 ms (FindLiveObjects: 0.326800 ms CreateObjectMapping: 0.162100 ms MarkObjects: 3.224300 ms  DeleteObjects: 0.131200 ms)

AssetImportWorkerClient::OnTransportError - code=2 error=End of file
